<?xml version="1.0" encoding="UTF-8"?>
<robot generator="Robot 6.0.2 (Python 3.11.2 on win32)" generated="20230329 17:14:40.656" rpa="false" schemaversion="3">
<suite id="s1" name="Enrolls" source="C:\Users\crist\OneDrive\Documentos\Cursos\QAcademy\RoboCamp\SmartBit\repo\web\tests\enrolls.robot">
<test id="s1-t1" name="Deve matricular um aluno" line="9">
<kw name="Get Fixture" library="base">
<var>${admin}</var>
<arg>admin</arg>
<kw name="Load Json From File" library="JSONLibrary">
<var>${fixture}</var>
<arg>${EXECDIR}/resources/fixtures/${fixture_file}.json</arg>
<arg>encoding=UTF-8</arg>
<doc>Load JSON from file.</doc>
<msg timestamp="20230329 17:14:41.677" level="INFO">${fixture} = {'name': 'Admin', 'email': 'admin@smartbit.com', 'password': 'qacademy'}</msg>
<status status="PASS" starttime="20230329 17:14:41.676" endtime="20230329 17:14:41.677"/>
</kw>
<msg timestamp="20230329 17:14:41.677" level="INFO">${admin} = {'name': 'Admin', 'email': 'admin@smartbit.com', 'password': 'qacademy'}</msg>
<status status="PASS" starttime="20230329 17:14:41.676" endtime="20230329 17:14:41.677"/>
</kw>
<kw name="Get Fixture" library="base">
<var>${falcao}</var>
<arg>falcao</arg>
<kw name="Load Json From File" library="JSONLibrary">
<var>${fixture}</var>
<arg>${EXECDIR}/resources/fixtures/${fixture_file}.json</arg>
<arg>encoding=UTF-8</arg>
<doc>Load JSON from file.</doc>
<msg timestamp="20230329 17:14:41.678" level="INFO">${fixture} = {'student': {'feet_tall': 1.78, 'weight': 80, 'age': 22, 'email': 'falcao@yahoo.com', 'name': 'Falcão do Santos'}, 'enroll': {'plan': 'Smart'}}</msg>
<status status="PASS" starttime="20230329 17:14:41.678" endtime="20230329 17:14:41.678"/>
</kw>
<msg timestamp="20230329 17:14:41.679" level="INFO">${falcao} = {'student': {'feet_tall': 1.78, 'weight': 80, 'age': 22, 'email': 'falcao@yahoo.com', 'name': 'Falcão do Santos'}, 'enroll': {'plan': 'Smart'}}</msg>
<status status="PASS" starttime="20230329 17:14:41.677" endtime="20230329 17:14:41.679"/>
</kw>
<kw name="Resert Student" library="database">
<arg>${falcao}[student][email]</arg>
<kw name="Connect To Postgres" library="database">
<kw name="Connect To Database" library="DatabaseLibrary">
<arg>psycopg2</arg>
<arg>ugwbldbd</arg>
<arg>ugwbldbd</arg>
<arg>ziFOixraKug5cy8idQLXSqHhGSM2kGjj</arg>
<arg>tuffi.db.elephantsql.com</arg>
<arg>5432</arg>
<doc>Loads the DB API 2.0 module given `dbapiModuleName` then uses it to
connect to the database using `dbName`, `dbUsername`, and `dbPassword`.</doc>
<msg timestamp="20230329 17:14:41.693" level="INFO">Connecting using : psycopg2.connect(database=ugwbldbd, user=ugwbldbd, password=ziFOixraKug5cy8idQLXSqHhGSM2kGjj, host=tuffi.db.elephantsql.com, port=5432) </msg>
<status status="PASS" starttime="20230329 17:14:41.680" endtime="20230329 17:14:41.804"/>
</kw>
<status status="PASS" starttime="20230329 17:14:41.679" endtime="20230329 17:14:41.804"/>
</kw>
<kw name="Delete Student By Email" library="database">
<arg>${email}</arg>
<kw name="Set Variable" library="BuiltIn">
<var>${query}</var>
<arg>DELETE FROM public.students WHERE email = '${email}';</arg>
<doc>Returns the given values which can then be assigned to a variables.</doc>
<msg timestamp="20230329 17:14:41.806" level="INFO">${query} = DELETE FROM public.students WHERE email = 'falcao@yahoo.com';</msg>
<status status="PASS" starttime="20230329 17:14:41.806" endtime="20230329 17:14:41.806"/>
</kw>
<kw name="Execute Sql String" library="DatabaseLibrary">
<arg>${query}</arg>
<doc>Executes the sqlString as SQL commands. Useful to pass arguments to your sql. Set optional input `sansTran` to
True to run command without an explicit transaction commit or rollback.</doc>
<msg timestamp="20230329 17:14:41.806" level="INFO">Executing : Execute SQL String  |  DELETE FROM public.students WHERE email = 'falcao@yahoo.com'; </msg>
<status status="PASS" starttime="20230329 17:14:41.806" endtime="20230329 17:14:41.841"/>
</kw>
<status status="PASS" starttime="20230329 17:14:41.804" endtime="20230329 17:14:41.841"/>
</kw>
<kw name="Disconnect From Database" library="DatabaseLibrary">
<doc>Disconnects from the database.</doc>
<msg timestamp="20230329 17:14:41.841" level="INFO">Executing : Disconnect From Database</msg>
<status status="PASS" starttime="20230329 17:14:41.841" endtime="20230329 17:14:41.842"/>
</kw>
<status status="PASS" starttime="20230329 17:14:41.679" endtime="20230329 17:14:41.842"/>
</kw>
<kw name="Get Service Token" library="sessions">
<var>${token}</var>
<arg>${admin}</arg>
<kw name="POST" library="RequestsLibrary">
<var>${response}</var>
<arg>http://localhost:3333/sessions</arg>
<arg>json=${user}</arg>
<arg>expected_status=200</arg>
<doc>Sends a POST request.</doc>
<msg timestamp="20230329 17:14:41.959" level="INFO">POST Request : url=http://localhost:3333/sessions 
 path_url=/sessions 
 headers={'User-Agent': 'python-requests/2.28.2', 'Accept-Encoding': 'gzip, deflate', 'Accept': '*/*', 'Connection': 'keep-alive', 'Content-Length': '72', 'Content-Type': 'application/json'} 
 body=b'{"name": "Admin", "email": "admin@smartbit.com", "password": "qacademy"}' 
 </msg>
<msg timestamp="20230329 17:14:41.959" level="INFO">POST Response : url=http://localhost:3333/sessions 
 status=200, reason=OK 
 headers={'X-DNS-Prefetch-Control': 'off', 'X-Frame-Options': 'SAMEORIGIN', 'Strict-Transport-Security': 'max-age=15552000; includeSubDomains', 'X-Download-Options': 'noopen', 'X-Content-Type-Options': 'nosniff', 'X-XSS-Protection': '1; mode=block', 'Access-Control-Allow-Origin': 'http://localhost:3000', 'Vary': 'Origin', 'Content-Type': 'application/json; charset=utf-8', 'Content-Length': '209', 'ETag': 'W/"d1-zEwgKbru1tiG5o8/sPnY8QSKFrc"', 'Date': 'Wed, 29 Mar 2023 20:14:41 GMT', 'Connection': 'keep-alive', 'Keep-Alive': 'timeout=5'} 
 body={"user":{"id":1,"name":"Admin","email":"admin@smartbit.com"},"token":"eyJhbGciOiJIUzI1NiIsInR5cCI6IkpXVCJ9.eyJpZCI6MSwiaWF0IjoxNjgwMTIwODgxLCJleHAiOjE2ODA3MjU2ODF9.6sb20K-FwRTOBtXBlurG3TrUeIzUxGDx7q3qAXmpacE"} 
 </msg>
<msg timestamp="20230329 17:14:41.960" level="INFO">${response} = &lt;Response [200]&gt;</msg>
<status status="PASS" starttime="20230329 17:14:41.842" endtime="20230329 17:14:41.960"/>
</kw>
<kw name="Set Variable" library="BuiltIn">
<var>${token}</var>
<arg>Bearer ${response.json()}[token]</arg>
<doc>Returns the given values which can then be assigned to a variables.</doc>
<msg timestamp="20230329 17:14:41.961" level="INFO">${token} = Bearer eyJhbGciOiJIUzI1NiIsInR5cCI6IkpXVCJ9.eyJpZCI6MSwiaWF0IjoxNjgwMTIwODgxLCJleHAiOjE2ODA3MjU2ODF9.6sb20K-FwRTOBtXBlurG3TrUeIzUxGDx7q3qAXmpacE</msg>
<status status="PASS" starttime="20230329 17:14:41.960" endtime="20230329 17:14:41.961"/>
</kw>
<msg timestamp="20230329 17:14:41.961" level="INFO">${token} = Bearer eyJhbGciOiJIUzI1NiIsInR5cCI6IkpXVCJ9.eyJpZCI6MSwiaWF0IjoxNjgwMTIwODgxLCJleHAiOjE2ODA3MjU2ODF9.6sb20K-FwRTOBtXBlurG3TrUeIzUxGDx7q3qAXmpacE</msg>
<status status="PASS" starttime="20230329 17:14:41.842" endtime="20230329 17:14:41.961"/>
</kw>
<kw name="POST New Student" library="students">
<arg>${token}</arg>
<arg>${falcao}[student]</arg>
<kw name="Create Dictionary" library="BuiltIn">
<var>${headers}</var>
<arg>Authorization=${token}</arg>
<doc>Creates and returns a dictionary based on the given ``items``.</doc>
<msg timestamp="20230329 17:14:41.962" level="INFO">${headers} = {'Authorization': 'Bearer eyJhbGciOiJIUzI1NiIsInR5cCI6IkpXVCJ9.eyJpZCI6MSwiaWF0IjoxNjgwMTIwODgxLCJleHAiOjE2ODA3MjU2ODF9.6sb20K-FwRTOBtXBlurG3TrUeIzUxGDx7q3qAXmpacE'}</msg>
<status status="PASS" starttime="20230329 17:14:41.962" endtime="20230329 17:14:41.962"/>
</kw>
<kw name="POST" library="RequestsLibrary">
<var>${response}</var>
<arg>http://localhost:3333/students</arg>
<arg>json=${student}</arg>
<arg>headers=${headers}</arg>
<arg>expected_status=201</arg>
<doc>Sends a POST request.</doc>
<msg timestamp="20230329 17:14:41.996" level="INFO">POST Request : url=http://localhost:3333/students 
 path_url=/students 
 headers={'User-Agent': 'python-requests/2.28.2', 'Accept-Encoding': 'gzip, deflate', 'Accept': '*/*', 'Connection': 'keep-alive', 'Authorization': 'Bearer eyJhbGciOiJIUzI1NiIsInR5cCI6IkpXVCJ9.eyJpZCI6MSwiaWF0IjoxNjgwMTIwODgxLCJleHAiOjE2ODA3MjU2ODF9.6sb20K-FwRTOBtXBlurG3TrUeIzUxGDx7q3qAXmpacE', 'Content-Length': '106', 'Content-Type': 'application/json'} 
 body=b'{"feet_tall": 1.78, "weight": 80, "age": 22, "email": "falcao@yahoo.com", "name": "Falc\\u00e3o do Santos"}' 
 </msg>
<msg timestamp="20230329 17:14:41.997" level="INFO">POST Response : url=http://localhost:3333/students 
 status=201, reason=Created 
 headers={'X-DNS-Prefetch-Control': 'off', 'X-Frame-Options': 'SAMEORIGIN', 'Strict-Transport-Security': 'max-age=15552000; includeSubDomains', 'X-Download-Options': 'noopen', 'X-Content-Type-Options': 'nosniff', 'X-XSS-Protection': '1; mode=block', 'Access-Control-Allow-Origin': 'http://localhost:3000', 'Vary': 'Origin', 'Content-Type': 'application/json; charset=utf-8', 'Content-Length': '202', 'ETag': 'W/"ca-noNGreRCgTvASE4cuU5IZBoef2Y"', 'Date': 'Wed, 29 Mar 2023 20:14:41 GMT', 'Connection': 'keep-alive', 'Keep-Alive': 'timeout=5'} 
 body={"id":7,"feet_tall":"1.78","weight":"80.00","age":22,"email":"falcao@yahoo.com","name":"Falcão do Santos","updatedAt":"2023-03-29T20:14:41.970Z","createdAt":"2023-03-29T20:14:41.970Z","avatar_id":null} 
 </msg>
<msg timestamp="20230329 17:14:41.997" level="INFO">${response} = &lt;Response [201]&gt;</msg>
<status status="PASS" starttime="20230329 17:14:41.962" endtime="20230329 17:14:41.997"/>
</kw>
<status status="PASS" starttime="20230329 17:14:41.961" endtime="20230329 17:14:41.997"/>
</kw>
<kw name="Do Login" library="base">
<arg>${admin}</arg>
<kw name="Go To Login Page" library="login">
<kw name="New Browser" library="Browser">
<arg>headless=False</arg>
<arg>browser=chromium</arg>
<tag>BrowserControl</tag>
<tag>Setter</tag>
<doc>Create a new playwright Browser with specified options.</doc>
<msg timestamp="20230329 17:14:41.999" level="INFO">{"browser": "chromium", "headless": false, "devtools": false, "handleSIGHUP": true, "handleSIGINT": true, "handleSIGTERM": true, "slowMo": 0.0, "timeout": 30000.0, "deprecated_pos_args": [], "tracesDir": "C:\\Users\\crist\\OneDrive\\Documentos\\Cursos\\QAcademy\\RoboCamp\\SmartBit\\repo\\web\\log\\browser\\traces\\b8730583-e724-481c-b55a-c4d0642a9ff0"}</msg>
<msg timestamp="20230329 17:14:42.749" level="INFO">Successfully created browser with options: {"browser":"chromium","headless":false,"devtools":false,"handleSIGHUP":true,"handleSIGINT":true,"handleSIGTERM":true,"slowMo":0,"timeout":30000,"deprecated_pos_args":[],"tracesDir":"C:\\Users\\crist\\OneDrive\\Documentos\\Cursos\\QAcademy\\RoboCamp\\SmartBit\\repo\\web\\log\\browser\\traces\\b8730583-e724-481c-b55a-c4d0642a9ff0"}</msg>
<status status="PASS" starttime="20230329 17:14:41.999" endtime="20230329 17:14:42.749"/>
</kw>
<kw name="New Page" library="Browser">
<arg>http://localhost:3000</arg>
<tag>BrowserControl</tag>
<tag>Setter</tag>
<doc>Open a new Page.</doc>
<msg timestamp="20230329 17:14:44.019" level="INFO">Successfully initialized new page object and opened url: http://localhost:3000</msg>
<msg timestamp="20230329 17:14:44.019" level="INFO">No context was open. New context was automatically opened when this page is created.</msg>
<status status="PASS" starttime="20230329 17:14:42.749" endtime="20230329 17:14:44.019"/>
</kw>
<status status="PASS" starttime="20230329 17:14:41.998" endtime="20230329 17:14:44.019"/>
</kw>
<kw name="Fill Credentials" library="login">
<arg>${user}[email]</arg>
<arg>${user}[password]</arg>
<kw name="Fill Text" library="Browser">
<arg>css=input[placeholder="Seu e-mail"]</arg>
<arg>${email}</arg>
<tag>PageContent</tag>
<tag>Setter</tag>
<doc>Clears and fills the given ``txt`` into the text field found by ``selector``.</doc>
<msg timestamp="20230329 17:14:44.020" level="INFO">Fills the text 'admin@smartbit.com' in the given field.</msg>
<status status="PASS" starttime="20230329 17:14:44.020" endtime="20230329 17:14:44.095"/>
</kw>
<kw name="Fill Text" library="Browser">
<arg>css=input[placeholder="Sua Senha"]</arg>
<arg>${password}</arg>
<tag>PageContent</tag>
<tag>Setter</tag>
<doc>Clears and fills the given ``txt`` into the text field found by ``selector``.</doc>
<msg timestamp="20230329 17:14:44.096" level="INFO">Fills the text 'qacademy' in the given field.</msg>
<status status="PASS" starttime="20230329 17:14:44.095" endtime="20230329 17:14:44.124"/>
</kw>
<status status="PASS" starttime="20230329 17:14:44.019" endtime="20230329 17:14:44.126"/>
</kw>
<kw name="Submit Credentials" library="login">
<kw name="Click" library="Browser">
<arg>css=button &gt;&gt; text=Entrar no sistema</arg>
<tag>PageContent</tag>
<tag>Setter</tag>
<doc>Simulates mouse click on the element found by ``selector``.</doc>
<status status="PASS" starttime="20230329 17:14:44.126" endtime="20230329 17:14:44.210"/>
</kw>
<status status="PASS" starttime="20230329 17:14:44.126" endtime="20230329 17:14:44.211"/>
</kw>
<kw name="User Should Be Looged In" library="navbar">
<arg>${user}[name]</arg>
<kw name="Set Variable" library="BuiltIn">
<var>${logged_user}</var>
<arg>css=aside strong</arg>
<doc>Returns the given values which can then be assigned to a variables.</doc>
<msg timestamp="20230329 17:14:44.213" level="INFO">${logged_user} = css=aside strong</msg>
<status status="PASS" starttime="20230329 17:14:44.212" endtime="20230329 17:14:44.213"/>
</kw>
<kw name="Wait For Elements State" library="Browser">
<arg>${logged_user}</arg>
<arg>visible</arg>
<arg>5</arg>
<tag>PageContent</tag>
<tag>Wait</tag>
<doc>Waits for the element found by ``selector`` to satisfy state option.</doc>
<msg timestamp="20230329 17:14:44.422" level="INFO">Waited for Element with selector css=aside strong at state visible</msg>
<status status="PASS" starttime="20230329 17:14:44.213" endtime="20230329 17:14:44.422"/>
</kw>
<kw name="Get Text" library="Browser">
<arg>${logged_user}</arg>
<arg>equal</arg>
<arg>${username}</arg>
<tag>Assertion</tag>
<tag>Getter</tag>
<tag>PageContent</tag>
<doc>Returns text attribute of the element found by ``selector``.</doc>
<msg timestamp="20230329 17:14:44.476" level="INFO">Text: 'Admin'</msg>
<status status="PASS" starttime="20230329 17:14:44.423" endtime="20230329 17:14:44.476"/>
</kw>
<status status="PASS" starttime="20230329 17:14:44.212" endtime="20230329 17:14:44.476"/>
</kw>
<status status="PASS" starttime="20230329 17:14:41.998" endtime="20230329 17:14:44.476"/>
</kw>
<kw name="Go To Enrolls" library="enroll">
<kw name="Click" library="Browser">
<arg>css=a[href="/matriculas"]</arg>
<tag>PageContent</tag>
<tag>Setter</tag>
<doc>Simulates mouse click on the element found by ``selector``.</doc>
<status status="PASS" starttime="20230329 17:14:44.478" endtime="20230329 17:14:44.566"/>
</kw>
<status status="PASS" starttime="20230329 17:14:44.477" endtime="20230329 17:14:44.566"/>
</kw>
<kw name="Go To Enroll Form" library="enroll">
<kw name="Click" library="Browser">
<arg>css=a[href="/matriculas/new"]</arg>
<tag>PageContent</tag>
<tag>Setter</tag>
<doc>Simulates mouse click on the element found by ``selector``.</doc>
<status status="PASS" starttime="20230329 17:14:44.568" endtime="20230329 17:14:44.711"/>
</kw>
<status status="PASS" starttime="20230329 17:14:44.567" endtime="20230329 17:14:44.712"/>
</kw>
<kw name="Select Student" library="enroll">
<arg>${falcao}[student][name]</arg>
<kw name="Fill Text" library="Browser">
<arg>xpath=//div[contains(text(), "nome do aluno")]/..//input</arg>
<arg>${student_name}</arg>
<tag>PageContent</tag>
<tag>Setter</tag>
<doc>Clears and fills the given ``txt`` into the text field found by ``selector``.</doc>
<msg timestamp="20230329 17:14:44.713" level="INFO">Fills the text 'Falcão do Santos' in the given field.</msg>
<status status="PASS" starttime="20230329 17:14:44.713" endtime="20230329 17:14:44.792"/>
</kw>
<kw name="Click" library="Browser">
<arg>css=div[class$=option] &gt;&gt; text=${student_name}</arg>
<tag>PageContent</tag>
<tag>Setter</tag>
<doc>Simulates mouse click on the element found by ``selector``.</doc>
<status status="PASS" starttime="20230329 17:14:44.792" endtime="20230329 17:14:44.920"/>
</kw>
<status status="PASS" starttime="20230329 17:14:44.712" endtime="20230329 17:14:44.920"/>
</kw>
<kw name="Select Plan" library="enroll">
<arg>${falcao}[enroll][plan]</arg>
<kw name="Click" library="Browser">
<arg>xpath=//label[text()="PLANO"]/..//div[contains(text(), "Selecione")]</arg>
<tag>PageContent</tag>
<tag>Setter</tag>
<doc>Simulates mouse click on the element found by ``selector``.</doc>
<status status="PASS" starttime="20230329 17:14:44.921" endtime="20230329 17:14:44.988"/>
</kw>
<kw name="Click" library="Browser">
<arg>css=div[class$=option] &gt;&gt; text=${plan_name}</arg>
<tag>PageContent</tag>
<tag>Setter</tag>
<doc>Simulates mouse click on the element found by ``selector``.</doc>
<status status="PASS" starttime="20230329 17:14:44.988" endtime="20230329 17:14:45.050"/>
</kw>
<status status="PASS" starttime="20230329 17:14:44.921" endtime="20230329 17:14:45.050"/>
</kw>
<kw name="Fill Start Date" library="enroll">
<kw name="Focus" library="Browser">
<arg>css=input[name=start_date]</arg>
<tag>PageContent</tag>
<tag>Setter</tag>
<doc>Moves focus on to the element found by ``selector``.</doc>
<status status="PASS" starttime="20230329 17:14:45.052" endtime="20230329 17:14:45.071"/>
</kw>
<kw name="Get Start Date" library="DateTricks">
<var>${start_date}</var>
<msg timestamp="20230329 17:14:45.072" level="INFO">03292023</msg>
<msg timestamp="20230329 17:14:45.073" level="INFO">${start_date} = ['0', '3', '2', '9', '2', '0', '2', '3']</msg>
<status status="PASS" starttime="20230329 17:14:45.072" endtime="20230329 17:14:45.073"/>
</kw>
<for flavor="IN">
<var>${number}</var>
<value>@{start_date}</value>
<iter>
<var name="${number}">0</var>
<kw name="Keyboard Key" library="Browser">
<arg>press</arg>
<arg>${number}</arg>
<tag>PageContent</tag>
<tag>Setter</tag>
<doc>Press a keyboard key on the virtual keyboard or set a key up or down.</doc>
<status status="PASS" starttime="20230329 17:14:45.074" endtime="20230329 17:14:45.084"/>
</kw>
<status status="PASS" starttime="20230329 17:14:45.073" endtime="20230329 17:14:45.084"/>
</iter>
<iter>
<var name="${number}">3</var>
<kw name="Keyboard Key" library="Browser">
<arg>press</arg>
<arg>${number}</arg>
<tag>PageContent</tag>
<tag>Setter</tag>
<doc>Press a keyboard key on the virtual keyboard or set a key up or down.</doc>
<status status="PASS" starttime="20230329 17:14:45.084" endtime="20230329 17:14:45.093"/>
</kw>
<status status="PASS" starttime="20230329 17:14:45.084" endtime="20230329 17:14:45.094"/>
</iter>
<iter>
<var name="${number}">2</var>
<kw name="Keyboard Key" library="Browser">
<arg>press</arg>
<arg>${number}</arg>
<tag>PageContent</tag>
<tag>Setter</tag>
<doc>Press a keyboard key on the virtual keyboard or set a key up or down.</doc>
<status status="PASS" starttime="20230329 17:14:45.094" endtime="20230329 17:14:45.102"/>
</kw>
<status status="PASS" starttime="20230329 17:14:45.094" endtime="20230329 17:14:45.102"/>
</iter>
<iter>
<var name="${number}">9</var>
<kw name="Keyboard Key" library="Browser">
<arg>press</arg>
<arg>${number}</arg>
<tag>PageContent</tag>
<tag>Setter</tag>
<doc>Press a keyboard key on the virtual keyboard or set a key up or down.</doc>
<status status="PASS" starttime="20230329 17:14:45.103" endtime="20230329 17:14:45.114"/>
</kw>
<status status="PASS" starttime="20230329 17:14:45.102" endtime="20230329 17:14:45.114"/>
</iter>
<iter>
<var name="${number}">2</var>
<kw name="Keyboard Key" library="Browser">
<arg>press</arg>
<arg>${number}</arg>
<tag>PageContent</tag>
<tag>Setter</tag>
<doc>Press a keyboard key on the virtual keyboard or set a key up or down.</doc>
<status status="PASS" starttime="20230329 17:14:45.114" endtime="20230329 17:14:45.125"/>
</kw>
<status status="PASS" starttime="20230329 17:14:45.114" endtime="20230329 17:14:45.125"/>
</iter>
<iter>
<var name="${number}">0</var>
<kw name="Keyboard Key" library="Browser">
<arg>press</arg>
<arg>${number}</arg>
<tag>PageContent</tag>
<tag>Setter</tag>
<doc>Press a keyboard key on the virtual keyboard or set a key up or down.</doc>
<status status="PASS" starttime="20230329 17:14:45.126" endtime="20230329 17:14:45.136"/>
</kw>
<status status="PASS" starttime="20230329 17:14:45.126" endtime="20230329 17:14:45.136"/>
</iter>
<iter>
<var name="${number}">2</var>
<kw name="Keyboard Key" library="Browser">
<arg>press</arg>
<arg>${number}</arg>
<tag>PageContent</tag>
<tag>Setter</tag>
<doc>Press a keyboard key on the virtual keyboard or set a key up or down.</doc>
<status status="PASS" starttime="20230329 17:14:45.137" endtime="20230329 17:14:45.150"/>
</kw>
<status status="PASS" starttime="20230329 17:14:45.137" endtime="20230329 17:14:45.150"/>
</iter>
<iter>
<var name="${number}">3</var>
<kw name="Keyboard Key" library="Browser">
<arg>press</arg>
<arg>${number}</arg>
<tag>PageContent</tag>
<tag>Setter</tag>
<doc>Press a keyboard key on the virtual keyboard or set a key up or down.</doc>
<status status="PASS" starttime="20230329 17:14:45.151" endtime="20230329 17:14:45.166"/>
</kw>
<status status="PASS" starttime="20230329 17:14:45.151" endtime="20230329 17:14:45.166"/>
</iter>
<status status="PASS" starttime="20230329 17:14:45.073" endtime="20230329 17:14:45.166"/>
</for>
<status status="PASS" starttime="20230329 17:14:45.050" endtime="20230329 17:14:45.166"/>
</kw>
<kw name="Submmit Enroll Form" library="enroll">
<kw name="Click" library="Browser">
<arg>css=button &gt;&gt; text=Salvar</arg>
<tag>PageContent</tag>
<tag>Setter</tag>
<doc>Simulates mouse click on the element found by ``selector``.</doc>
<msg timestamp="20230329 17:14:55.311" level="INFO" html="true">&lt;/td&gt;&lt;/tr&gt;&lt;tr&gt;&lt;td colspan="3"&gt;&lt;a href="browser/screenshot/fail-screenshot-1.png" target="_blank"&gt;&lt;img src="browser/screenshot/fail-screenshot-1.png" width="800px"/&gt;&lt;/a&gt;</msg>
<msg timestamp="20230329 17:14:55.311" level="FAIL">TimeoutError: locator.click: Timeout 10000ms exceeded.
=========================== logs ===========================
waiting for locator('button').locator('text=Salvar')
============================================================
Tip: Use "Set Browser Timeout" for increasing the timeout or double check your locator as the targeted element(s) couldn't be found.</msg>
<status status="FAIL" starttime="20230329 17:14:45.167" endtime="20230329 17:14:55.315"/>
</kw>
<status status="FAIL" starttime="20230329 17:14:45.167" endtime="20230329 17:14:55.316"/>
</kw>
<kw name="Verify Toaster" library="toast">
<arg>Aluno cadastrado com sucesso</arg>
<status status="NOT RUN" starttime="20230329 17:14:55.316" endtime="20230329 17:14:55.316"/>
</kw>
<doc>Logando com usuário administrado</doc>
<tag>login</tag>
<status status="FAIL" starttime="20230329 17:14:41.672" endtime="20230329 17:14:55.316">TimeoutError: locator.click: Timeout 10000ms exceeded.
=========================== logs ===========================
waiting for locator('button').locator('text=Salvar')
============================================================
Tip: Use "Set Browser Timeout" for increasing the timeout or double check your locator as the targeted element(s) couldn't be found.</status>
</test>
<doc>Suite de teste de matriculas de alunos
Administrador uma vez logado consegue matricular alunos na academia</doc>
<status status="FAIL" starttime="20230329 17:14:40.658" endtime="20230329 17:14:55.424"/>
</suite>
<statistics>
<total>
<stat pass="0" fail="1" skip="0">All Tests</stat>
</total>
<tag>
<stat pass="0" fail="1" skip="0">login</stat>
</tag>
<suite>
<stat pass="0" fail="1" skip="0" id="s1" name="Enrolls">Enrolls</stat>
</suite>
</statistics>
<errors>
</errors>
</robot>
