<?xml version="1.0" encoding="UTF-8"?>
<robot generator="Robot 6.0.2 (Python 3.11.2 on win32)" generated="20230328 22:36:21.987" rpa="false" schemaversion="3">
<suite id="s1" name="Enrolls" source="C:\Users\crist\OneDrive\Documentos\Cursos\QAcademy\RoboCamp\SmartBit\repo\web\tests\enrolls.robot">
<test id="s1-t1" name="Deve matricular um aluno" line="9">
<kw name="Get Fixture" library="base">
<var>${admin}</var>
<arg>admin</arg>
<kw name="Load Json From File" library="JSONLibrary">
<var>${fixture}</var>
<arg>${EXECDIR}/resources/fixtures/${fixture_file}.json</arg>
<arg>encoding=UTF-8</arg>
<doc>Load JSON from file.</doc>
<msg timestamp="20230328 22:36:23.998" level="INFO">${fixture} = {'name': 'Admin', 'email': 'admin@smartbit.com', 'password': 'qacademy'}</msg>
<status status="PASS" starttime="20230328 22:36:23.989" endtime="20230328 22:36:23.998"/>
</kw>
<msg timestamp="20230328 22:36:23.999" level="INFO">${admin} = {'name': 'Admin', 'email': 'admin@smartbit.com', 'password': 'qacademy'}</msg>
<status status="PASS" starttime="20230328 22:36:23.989" endtime="20230328 22:36:23.999"/>
</kw>
<kw name="Get Fixture" library="base">
<var>${falcao}</var>
<arg>falcao</arg>
<kw name="Load Json From File" library="JSONLibrary">
<var>${fixture}</var>
<arg>${EXECDIR}/resources/fixtures/${fixture_file}.json</arg>
<arg>encoding=UTF-8</arg>
<doc>Load JSON from file.</doc>
<msg timestamp="20230328 22:36:24.006" level="INFO">${fixture} = {'student': {'feet_tall': 1.78, 'weight': 80, 'age': 22, 'name': 'Falcão do Santos', 'email': 'falcao@yahoo.com'}, 'enroll': {'plan': 'Smart'}}</msg>
<status status="PASS" starttime="20230328 22:36:24.000" endtime="20230328 22:36:24.006"/>
</kw>
<msg timestamp="20230328 22:36:24.007" level="INFO">${falcao} = {'student': {'feet_tall': 1.78, 'weight': 80, 'age': 22, 'name': 'Falcão do Santos', 'email': 'falcao@yahoo.com'}, 'enroll': {'plan': 'Smart'}}</msg>
<status status="PASS" starttime="20230328 22:36:23.999" endtime="20230328 22:36:24.007"/>
</kw>
<kw name="Resert Student" library="database">
<arg>${falcao}[student][email]</arg>
<kw name="Connect To Postgres" library="database">
<kw name="Connect To Database" library="DatabaseLibrary">
<arg>psycopg2</arg>
<arg>ugwbldbd</arg>
<arg>ugwbldbd</arg>
<arg>ziFOixraKug5cy8idQLXSqHhGSM2kGjj</arg>
<arg>tuffi.db.elephantsql.com</arg>
<arg>5432</arg>
<doc>Loads the DB API 2.0 module given `dbapiModuleName` then uses it to
connect to the database using `dbName`, `dbUsername`, and `dbPassword`.</doc>
<msg timestamp="20230328 22:36:24.029" level="INFO">Connecting using : psycopg2.connect(database=ugwbldbd, user=ugwbldbd, password=ziFOixraKug5cy8idQLXSqHhGSM2kGjj, host=tuffi.db.elephantsql.com, port=5432) </msg>
<status status="PASS" starttime="20230328 22:36:24.008" endtime="20230328 22:36:24.516"/>
</kw>
<status status="PASS" starttime="20230328 22:36:24.008" endtime="20230328 22:36:24.517"/>
</kw>
<kw name="Delete Student By Email" library="database">
<arg>${email}</arg>
<kw name="Set Variable" library="BuiltIn">
<var>${query}</var>
<arg>DELETE FROM public.students WHERE email = '${email}';</arg>
<doc>Returns the given values which can then be assigned to a variables.</doc>
<msg timestamp="20230328 22:36:24.518" level="INFO">${query} = DELETE FROM public.students WHERE email = 'falcao@yahoo.com';</msg>
<status status="PASS" starttime="20230328 22:36:24.517" endtime="20230328 22:36:24.518"/>
</kw>
<kw name="Execute Sql String" library="DatabaseLibrary">
<arg>${query}</arg>
<doc>Executes the sqlString as SQL commands. Useful to pass arguments to your sql. Set optional input `sansTran` to
True to run command without an explicit transaction commit or rollback.</doc>
<msg timestamp="20230328 22:36:24.518" level="INFO">Executing : Execute SQL String  |  DELETE FROM public.students WHERE email = 'falcao@yahoo.com'; </msg>
<status status="PASS" starttime="20230328 22:36:24.518" endtime="20230328 22:36:24.603"/>
</kw>
<status status="PASS" starttime="20230328 22:36:24.517" endtime="20230328 22:36:24.603"/>
</kw>
<kw name="Disconnect From Database" library="DatabaseLibrary">
<doc>Disconnects from the database.</doc>
<msg timestamp="20230328 22:36:24.604" level="INFO">Executing : Disconnect From Database</msg>
<status status="PASS" starttime="20230328 22:36:24.603" endtime="20230328 22:36:24.604"/>
</kw>
<status status="PASS" starttime="20230328 22:36:24.007" endtime="20230328 22:36:24.605"/>
</kw>
<kw name="Get Service Token" library="sessions">
<var>${token}</var>
<arg>${admin}</arg>
<kw name="POST" library="RequestsLibrary">
<var>${response}</var>
<arg>http://localhost:3333/sessions</arg>
<arg>json=${user}</arg>
<arg>expected_status=200</arg>
<doc>Sends a POST request.</doc>
<msg timestamp="20230328 22:36:24.718" level="INFO">POST Request : url=http://localhost:3333/sessions 
 path_url=/sessions 
 headers={'User-Agent': 'python-requests/2.28.2', 'Accept-Encoding': 'gzip, deflate', 'Accept': '*/*', 'Connection': 'keep-alive', 'Content-Length': '72', 'Content-Type': 'application/json'} 
 body=b'{"name": "Admin", "email": "admin@smartbit.com", "password": "qacademy"}' 
 </msg>
<msg timestamp="20230328 22:36:24.718" level="INFO">POST Response : url=http://localhost:3333/sessions 
 status=200, reason=OK 
 headers={'X-DNS-Prefetch-Control': 'off', 'X-Frame-Options': 'SAMEORIGIN', 'Strict-Transport-Security': 'max-age=15552000; includeSubDomains', 'X-Download-Options': 'noopen', 'X-Content-Type-Options': 'nosniff', 'X-XSS-Protection': '1; mode=block', 'Access-Control-Allow-Origin': 'http://localhost:3000', 'Vary': 'Origin', 'Content-Type': 'application/json; charset=utf-8', 'Content-Length': '209', 'ETag': 'W/"d1-4KbIx+9w8SJMJ025KepU+I2d+O8"', 'Date': 'Wed, 29 Mar 2023 01:36:24 GMT', 'Connection': 'keep-alive', 'Keep-Alive': 'timeout=5'} 
 body={"user":{"id":1,"name":"Admin","email":"admin@smartbit.com"},"token":"eyJhbGciOiJIUzI1NiIsInR5cCI6IkpXVCJ9.eyJpZCI6MSwiaWF0IjoxNjgwMDUzNzg0LCJleHAiOjE2ODA2NTg1ODR9.LegNDSTTt_tJ0iRAY5mij1Xj5nUj5Twh4ZuItCqKgYA"} 
 </msg>
<msg timestamp="20230328 22:36:24.718" level="INFO">${response} = &lt;Response [200]&gt;</msg>
<status status="PASS" starttime="20230328 22:36:24.606" endtime="20230328 22:36:24.718"/>
</kw>
<kw name="Set Variable" library="BuiltIn">
<var>${token}</var>
<arg>Bearer ${response.json()}[token]</arg>
<doc>Returns the given values which can then be assigned to a variables.</doc>
<msg timestamp="20230328 22:36:24.719" level="INFO">${token} = Bearer eyJhbGciOiJIUzI1NiIsInR5cCI6IkpXVCJ9.eyJpZCI6MSwiaWF0IjoxNjgwMDUzNzg0LCJleHAiOjE2ODA2NTg1ODR9.LegNDSTTt_tJ0iRAY5mij1Xj5nUj5Twh4ZuItCqKgYA</msg>
<status status="PASS" starttime="20230328 22:36:24.719" endtime="20230328 22:36:24.719"/>
</kw>
<msg timestamp="20230328 22:36:24.720" level="INFO">${token} = Bearer eyJhbGciOiJIUzI1NiIsInR5cCI6IkpXVCJ9.eyJpZCI6MSwiaWF0IjoxNjgwMDUzNzg0LCJleHAiOjE2ODA2NTg1ODR9.LegNDSTTt_tJ0iRAY5mij1Xj5nUj5Twh4ZuItCqKgYA</msg>
<status status="PASS" starttime="20230328 22:36:24.605" endtime="20230328 22:36:24.720"/>
</kw>
<kw name="POST New Student" library="students">
<arg>${token}</arg>
<arg>${falcao}[student]</arg>
<kw name="Create Dictionary" library="BuiltIn">
<var>${headers}</var>
<arg>Authorization=${token}</arg>
<doc>Creates and returns a dictionary based on the given ``items``.</doc>
<msg timestamp="20230328 22:36:24.722" level="INFO">${headers} = {'Authorization': 'Bearer eyJhbGciOiJIUzI1NiIsInR5cCI6IkpXVCJ9.eyJpZCI6MSwiaWF0IjoxNjgwMDUzNzg0LCJleHAiOjE2ODA2NTg1ODR9.LegNDSTTt_tJ0iRAY5mij1Xj5nUj5Twh4ZuItCqKgYA'}</msg>
<status status="PASS" starttime="20230328 22:36:24.721" endtime="20230328 22:36:24.722"/>
</kw>
<kw name="POST" library="RequestsLibrary">
<var>${response}</var>
<arg>http://localhost:3333/students</arg>
<arg>json=${student}</arg>
<arg>headers=${headers}</arg>
<arg>expected_status=201</arg>
<doc>Sends a POST request.</doc>
<msg timestamp="20230328 22:36:24.748" level="INFO">POST Request : url=http://localhost:3333/students 
 path_url=/students 
 headers={'User-Agent': 'python-requests/2.28.2', 'Accept-Encoding': 'gzip, deflate', 'Accept': '*/*', 'Connection': 'keep-alive', 'Authorization': 'Bearer eyJhbGciOiJIUzI1NiIsInR5cCI6IkpXVCJ9.eyJpZCI6MSwiaWF0IjoxNjgwMDUzNzg0LCJleHAiOjE2ODA2NTg1ODR9.LegNDSTTt_tJ0iRAY5mij1Xj5nUj5Twh4ZuItCqKgYA', 'Content-Length': '106', 'Content-Type': 'application/json'} 
 body=b'{"feet_tall": 1.78, "weight": 80, "age": 22, "name": "Falc\\u00e3o do Santos", "email": "falcao@yahoo.com"}' 
 </msg>
<msg timestamp="20230328 22:36:24.748" level="INFO">POST Response : url=http://localhost:3333/students 
 status=201, reason=Created 
 headers={'X-DNS-Prefetch-Control': 'off', 'X-Frame-Options': 'SAMEORIGIN', 'Strict-Transport-Security': 'max-age=15552000; includeSubDomains', 'X-Download-Options': 'noopen', 'X-Content-Type-Options': 'nosniff', 'X-XSS-Protection': '1; mode=block', 'Access-Control-Allow-Origin': 'http://localhost:3000', 'Vary': 'Origin', 'Content-Type': 'application/json; charset=utf-8', 'Content-Length': '203', 'ETag': 'W/"cb-j9tL/9T+o0hkXaXzffX7yUaORQ4"', 'Date': 'Wed, 29 Mar 2023 01:36:24 GMT', 'Connection': 'keep-alive', 'Keep-Alive': 'timeout=5'} 
 body={"id":22,"feet_tall":"1.78","weight":"80.00","age":22,"name":"Falcão do Santos","email":"falcao@yahoo.com","updatedAt":"2023-03-29T01:36:24.729Z","createdAt":"2023-03-29T01:36:24.729Z","avatar_id":null} 
 </msg>
<msg timestamp="20230328 22:36:24.748" level="INFO">${response} = &lt;Response [201]&gt;</msg>
<status status="PASS" starttime="20230328 22:36:24.722" endtime="20230328 22:36:24.748"/>
</kw>
<status status="PASS" starttime="20230328 22:36:24.720" endtime="20230328 22:36:24.748"/>
</kw>
<kw name="Do Login" library="base">
<arg>${admin}</arg>
<kw name="Go To Login Page" library="login">
<kw name="New Browser" library="Browser">
<arg>headless=False</arg>
<arg>browser=chromium</arg>
<tag>BrowserControl</tag>
<tag>Setter</tag>
<doc>Create a new playwright Browser with specified options.</doc>
<msg timestamp="20230328 22:36:24.751" level="INFO">{"browser": "chromium", "headless": false, "devtools": false, "handleSIGHUP": true, "handleSIGINT": true, "handleSIGTERM": true, "slowMo": 0.0, "timeout": 30000.0, "deprecated_pos_args": [], "tracesDir": "C:\\Users\\crist\\OneDrive\\Documentos\\Cursos\\QAcademy\\RoboCamp\\SmartBit\\repo\\web\\log\\browser\\traces\\ec22ae18-38d8-4437-bd6f-a4cc1f4c69e9"}</msg>
<msg timestamp="20230328 22:36:25.588" level="INFO">Successfully created browser with options: {"browser":"chromium","headless":false,"devtools":false,"handleSIGHUP":true,"handleSIGINT":true,"handleSIGTERM":true,"slowMo":0,"timeout":30000,"deprecated_pos_args":[],"tracesDir":"C:\\Users\\crist\\OneDrive\\Documentos\\Cursos\\QAcademy\\RoboCamp\\SmartBit\\repo\\web\\log\\browser\\traces\\ec22ae18-38d8-4437-bd6f-a4cc1f4c69e9"}</msg>
<status status="PASS" starttime="20230328 22:36:24.750" endtime="20230328 22:36:25.588"/>
</kw>
<kw name="New Page" library="Browser">
<arg>http://localhost:3000</arg>
<tag>BrowserControl</tag>
<tag>Setter</tag>
<doc>Open a new Page.</doc>
<msg timestamp="20230328 22:36:27.301" level="INFO">Successfully initialized new page object and opened url: http://localhost:3000</msg>
<msg timestamp="20230328 22:36:27.301" level="INFO">No context was open. New context was automatically opened when this page is created.</msg>
<status status="PASS" starttime="20230328 22:36:25.589" endtime="20230328 22:36:27.301"/>
</kw>
<status status="PASS" starttime="20230328 22:36:24.750" endtime="20230328 22:36:27.301"/>
</kw>
<kw name="Fill Credentials" library="login">
<arg>${user}[email]</arg>
<arg>${user}[password]</arg>
<kw name="Fill Text" library="Browser">
<arg>css=input[placeholder="Seu e-mail"]</arg>
<arg>${email}</arg>
<tag>PageContent</tag>
<tag>Setter</tag>
<doc>Clears and fills the given ``txt`` into the text field found by ``selector``.</doc>
<msg timestamp="20230328 22:36:27.304" level="INFO">Fills the text 'admin@smartbit.com' in the given field.</msg>
<status status="PASS" starttime="20230328 22:36:27.303" endtime="20230328 22:36:27.410"/>
</kw>
<kw name="Fill Text" library="Browser">
<arg>css=input[placeholder="Sua Senha"]</arg>
<arg>${password}</arg>
<tag>PageContent</tag>
<tag>Setter</tag>
<doc>Clears and fills the given ``txt`` into the text field found by ``selector``.</doc>
<msg timestamp="20230328 22:36:27.410" level="INFO">Fills the text 'qacademy' in the given field.</msg>
<status status="PASS" starttime="20230328 22:36:27.410" endtime="20230328 22:36:27.442"/>
</kw>
<status status="PASS" starttime="20230328 22:36:27.302" endtime="20230328 22:36:27.442"/>
</kw>
<kw name="Submit Credentials" library="login">
<kw name="Click" library="Browser">
<arg>css=button &gt;&gt; text=Entrar no sistema</arg>
<tag>PageContent</tag>
<tag>Setter</tag>
<doc>Simulates mouse click on the element found by ``selector``.</doc>
<status status="PASS" starttime="20230328 22:36:27.443" endtime="20230328 22:36:27.534"/>
</kw>
<status status="PASS" starttime="20230328 22:36:27.442" endtime="20230328 22:36:27.535"/>
</kw>
<kw name="User Should Be Looged In" library="navbar">
<arg>${user}[name]</arg>
<kw name="Set Variable" library="BuiltIn">
<var>${logged_user}</var>
<arg>css=aside strong</arg>
<doc>Returns the given values which can then be assigned to a variables.</doc>
<msg timestamp="20230328 22:36:27.536" level="INFO">${logged_user} = css=aside strong</msg>
<status status="PASS" starttime="20230328 22:36:27.536" endtime="20230328 22:36:27.536"/>
</kw>
<kw name="Wait For Elements State" library="Browser">
<arg>${logged_user}</arg>
<arg>visible</arg>
<arg>5</arg>
<tag>PageContent</tag>
<tag>Wait</tag>
<doc>Waits for the element found by ``selector`` to satisfy state option.</doc>
<msg timestamp="20230328 22:36:27.711" level="INFO">Waited for Element with selector css=aside strong at state visible</msg>
<status status="PASS" starttime="20230328 22:36:27.536" endtime="20230328 22:36:27.711"/>
</kw>
<kw name="Get Text" library="Browser">
<arg>${logged_user}</arg>
<arg>equal</arg>
<arg>${username}</arg>
<tag>Assertion</tag>
<tag>Getter</tag>
<tag>PageContent</tag>
<doc>Returns text attribute of the element found by ``selector``.</doc>
<msg timestamp="20230328 22:36:27.774" level="INFO">Text: 'Admin'</msg>
<status status="PASS" starttime="20230328 22:36:27.712" endtime="20230328 22:36:27.775"/>
</kw>
<status status="PASS" starttime="20230328 22:36:27.535" endtime="20230328 22:36:27.775"/>
</kw>
<status status="PASS" starttime="20230328 22:36:24.749" endtime="20230328 22:36:27.775"/>
</kw>
<kw name="Go To Enroll" library="enroll">
<kw name="Click" library="Browser">
<arg>css=a[href="/matriculas"]</arg>
<tag>PageContent</tag>
<tag>Setter</tag>
<doc>Simulates mouse click on the element found by ``selector``.</doc>
<status status="PASS" starttime="20230328 22:36:27.776" endtime="20230328 22:36:27.881"/>
</kw>
<status status="PASS" starttime="20230328 22:36:27.776" endtime="20230328 22:36:27.882"/>
</kw>
<kw name="Go To Enroll Form" library="enroll">
<kw name="Click" library="Browser">
<arg>css=a[href="/matriculas/new"]</arg>
<tag>PageContent</tag>
<tag>Setter</tag>
<doc>Simulates mouse click on the element found by ``selector``.</doc>
<status status="PASS" starttime="20230328 22:36:27.884" endtime="20230328 22:36:28.042"/>
</kw>
<status status="PASS" starttime="20230328 22:36:27.884" endtime="20230328 22:36:28.043"/>
</kw>
<kw name="Select Student" library="enroll">
<arg>${falcao}[student][name]</arg>
<kw name="Fill Text" library="Browser">
<arg>xpath=//div[contains(text(), "nome do aluno")]/..//input</arg>
<arg>${studant_name}</arg>
<tag>PageContent</tag>
<tag>Setter</tag>
<doc>Clears and fills the given ``txt`` into the text field found by ``selector``.</doc>
<msg timestamp="20230328 22:36:28.044" level="INFO">Fills the text 'Falcão do Santos' in the given field.</msg>
<status status="PASS" starttime="20230328 22:36:28.044" endtime="20230328 22:36:28.167"/>
</kw>
<kw name="Click" library="Browser">
<arg>css=div[class$=option] &gt;&gt; text=${studant_name}</arg>
<tag>PageContent</tag>
<tag>Setter</tag>
<doc>Simulates mouse click on the element found by ``selector``.</doc>
<status status="PASS" starttime="20230328 22:36:28.167" endtime="20230328 22:36:28.317"/>
</kw>
<status status="PASS" starttime="20230328 22:36:28.043" endtime="20230328 22:36:28.317"/>
</kw>
<kw name="Select Plan" library="enroll">
<arg>${falcao}[enroll][plan]</arg>
<kw name="Click" library="Browser">
<arg>xpath=//label[text()="PLANO"]/..//div[contains(text(), "Selecione")]</arg>
<tag>PageContent</tag>
<tag>Setter</tag>
<doc>Simulates mouse click on the element found by ``selector``.</doc>
<status status="PASS" starttime="20230328 22:36:28.318" endtime="20230328 22:36:28.403"/>
</kw>
<kw name="Click" library="Browser">
<arg>css=div[class$=option] &gt;&gt; text=${plan_name}</arg>
<tag>PageContent</tag>
<tag>Setter</tag>
<doc>Simulates mouse click on the element found by ``selector``.</doc>
<status status="PASS" starttime="20230328 22:36:28.404" endtime="20230328 22:36:28.479"/>
</kw>
<status status="PASS" starttime="20230328 22:36:28.318" endtime="20230328 22:36:28.480"/>
</kw>
<kw name="Fill Start Date" library="enroll">
<kw name="Focus" library="Browser">
<arg>css=input[name=start_date]</arg>
<tag>PageContent</tag>
<tag>Setter</tag>
<doc>Moves focus on to the element found by ``selector``.</doc>
<status status="PASS" starttime="20230328 22:36:28.481" endtime="20230328 22:36:28.519"/>
</kw>
<kw name="Get Start Date" library="DateTricks">
<var>${start_date}</var>
<msg timestamp="20230328 22:36:28.519" level="INFO">03282023</msg>
<msg timestamp="20230328 22:36:28.519" level="INFO">${start_date} = ['0', '3', '2', '8', '2', '0', '2', '3']</msg>
<status status="PASS" starttime="20230328 22:36:28.519" endtime="20230328 22:36:28.519"/>
</kw>
<for flavor="IN">
<var>${number}</var>
<value>@{start_date}</value>
<iter>
<var name="${number}">0</var>
<kw name="Keyboard Key" library="Browser">
<arg>press</arg>
<arg>${number}</arg>
<tag>PageContent</tag>
<tag>Setter</tag>
<doc>Press a keyboard key on the virtual keyboard or set a key up or down.</doc>
<status status="PASS" starttime="20230328 22:36:28.520" endtime="20230328 22:36:28.537"/>
</kw>
<status status="PASS" starttime="20230328 22:36:28.520" endtime="20230328 22:36:28.537"/>
</iter>
<iter>
<var name="${number}">3</var>
<kw name="Keyboard Key" library="Browser">
<arg>press</arg>
<arg>${number}</arg>
<tag>PageContent</tag>
<tag>Setter</tag>
<doc>Press a keyboard key on the virtual keyboard or set a key up or down.</doc>
<status status="PASS" starttime="20230328 22:36:28.537" endtime="20230328 22:36:28.550"/>
</kw>
<status status="PASS" starttime="20230328 22:36:28.537" endtime="20230328 22:36:28.550"/>
</iter>
<iter>
<var name="${number}">2</var>
<kw name="Keyboard Key" library="Browser">
<arg>press</arg>
<arg>${number}</arg>
<tag>PageContent</tag>
<tag>Setter</tag>
<doc>Press a keyboard key on the virtual keyboard or set a key up or down.</doc>
<status status="PASS" starttime="20230328 22:36:28.551" endtime="20230328 22:36:28.559"/>
</kw>
<status status="PASS" starttime="20230328 22:36:28.550" endtime="20230328 22:36:28.559"/>
</iter>
<iter>
<var name="${number}">8</var>
<kw name="Keyboard Key" library="Browser">
<arg>press</arg>
<arg>${number}</arg>
<tag>PageContent</tag>
<tag>Setter</tag>
<doc>Press a keyboard key on the virtual keyboard or set a key up or down.</doc>
<status status="PASS" starttime="20230328 22:36:28.559" endtime="20230328 22:36:28.576"/>
</kw>
<status status="PASS" starttime="20230328 22:36:28.559" endtime="20230328 22:36:28.576"/>
</iter>
<iter>
<var name="${number}">2</var>
<kw name="Keyboard Key" library="Browser">
<arg>press</arg>
<arg>${number}</arg>
<tag>PageContent</tag>
<tag>Setter</tag>
<doc>Press a keyboard key on the virtual keyboard or set a key up or down.</doc>
<status status="PASS" starttime="20230328 22:36:28.578" endtime="20230328 22:36:28.589"/>
</kw>
<status status="PASS" starttime="20230328 22:36:28.576" endtime="20230328 22:36:28.589"/>
</iter>
<iter>
<var name="${number}">0</var>
<kw name="Keyboard Key" library="Browser">
<arg>press</arg>
<arg>${number}</arg>
<tag>PageContent</tag>
<tag>Setter</tag>
<doc>Press a keyboard key on the virtual keyboard or set a key up or down.</doc>
<status status="PASS" starttime="20230328 22:36:28.591" endtime="20230328 22:36:28.605"/>
</kw>
<status status="PASS" starttime="20230328 22:36:28.589" endtime="20230328 22:36:28.606"/>
</iter>
<iter>
<var name="${number}">2</var>
<kw name="Keyboard Key" library="Browser">
<arg>press</arg>
<arg>${number}</arg>
<tag>PageContent</tag>
<tag>Setter</tag>
<doc>Press a keyboard key on the virtual keyboard or set a key up or down.</doc>
<status status="PASS" starttime="20230328 22:36:28.606" endtime="20230328 22:36:28.618"/>
</kw>
<status status="PASS" starttime="20230328 22:36:28.606" endtime="20230328 22:36:28.618"/>
</iter>
<iter>
<var name="${number}">3</var>
<kw name="Keyboard Key" library="Browser">
<arg>press</arg>
<arg>${number}</arg>
<tag>PageContent</tag>
<tag>Setter</tag>
<doc>Press a keyboard key on the virtual keyboard or set a key up or down.</doc>
<status status="PASS" starttime="20230328 22:36:28.619" endtime="20230328 22:36:28.639"/>
</kw>
<status status="PASS" starttime="20230328 22:36:28.619" endtime="20230328 22:36:28.641"/>
</iter>
<status status="PASS" starttime="20230328 22:36:28.520" endtime="20230328 22:36:28.641"/>
</for>
<status status="PASS" starttime="20230328 22:36:28.480" endtime="20230328 22:36:28.641"/>
</kw>
<kw name="Submmit Enroll Form" library="enroll">
<kw name="Click" library="Browser">
<arg>css=button &gt;&gt; text=Salvar</arg>
<tag>PageContent</tag>
<tag>Setter</tag>
<doc>Simulates mouse click on the element found by ``selector``.</doc>
<msg timestamp="20230328 22:36:38.804" level="INFO" html="true">&lt;/td&gt;&lt;/tr&gt;&lt;tr&gt;&lt;td colspan="3"&gt;&lt;a href="browser/screenshot/fail-screenshot-1.png" target="_blank"&gt;&lt;img src="browser/screenshot/fail-screenshot-1.png" width="800px"/&gt;&lt;/a&gt;</msg>
<msg timestamp="20230328 22:36:38.804" level="FAIL">TimeoutError: locator.click: Timeout 10000ms exceeded.
=========================== logs ===========================
waiting for locator('button').locator('text=Salvar')
============================================================
Tip: Use "Set Browser Timeout" for increasing the timeout or double check your locator as the targeted element(s) couldn't be found.</msg>
<status status="FAIL" starttime="20230328 22:36:28.642" endtime="20230328 22:36:38.903"/>
</kw>
<status status="FAIL" starttime="20230328 22:36:28.641" endtime="20230328 22:36:38.904"/>
</kw>
<kw name="Verify Toaster" library="toast">
<arg>Matrícula cadastrada com sucesso</arg>
<status status="NOT RUN" starttime="20230328 22:36:38.904" endtime="20230328 22:36:38.904"/>
</kw>
<kw name="Sleep" library="BuiltIn">
<arg>3</arg>
<doc>Pauses the test executed for the given time.</doc>
<status status="NOT RUN" starttime="20230328 22:36:38.904" endtime="20230328 22:36:38.905"/>
</kw>
<doc>Logando com usuário administrado</doc>
<tag>login</tag>
<status status="FAIL" starttime="20230328 22:36:23.984" endtime="20230328 22:36:38.905">TimeoutError: locator.click: Timeout 10000ms exceeded.
=========================== logs ===========================
waiting for locator('button').locator('text=Salvar')
============================================================
Tip: Use "Set Browser Timeout" for increasing the timeout or double check your locator as the targeted element(s) couldn't be found.</status>
</test>
<doc>Suite de teste de matriculas de alunos
Administrador uma vez logado consegue matricular alunos na academia</doc>
<status status="FAIL" starttime="20230328 22:36:21.989" endtime="20230328 22:36:39.070"/>
</suite>
<statistics>
<total>
<stat pass="0" fail="1" skip="0">All Tests</stat>
</total>
<tag>
<stat pass="0" fail="1" skip="0">login</stat>
</tag>
<suite>
<stat pass="0" fail="1" skip="0" id="s1" name="Enrolls">Enrolls</stat>
</suite>
</statistics>
<errors>
</errors>
</robot>
