<?xml version="1.0" encoding="UTF-8"?>
<robot generator="Robot 6.0.2 (Python 3.11.1 on win32)" generated="20230213 09:05:39.254" rpa="false" schemaversion="3">
<suite id="s1" name="Enrolls" source="C:\Users\crist\Documents\Cursos\QAcademy\SmartBit\Web\tests\enrolls.robot">
<test id="s1-t1" name="Deve matricular um aluno" line="8">
<kw name="Create Dictionary" library="BuiltIn">
<var>${admin}</var>
<arg>email=admin@smartbit.com</arg>
<arg>pass=qacademy</arg>
<arg>name=Admin</arg>
<doc>Creates and returns a dictionary based on the given ``items``.</doc>
<msg timestamp="20230213 09:05:39.965" level="INFO">${admin} = {'email': 'admin@smartbit.com', 'pass': 'qacademy', 'name': 'Admin'}</msg>
<status status="PASS" starttime="20230213 09:05:39.965" endtime="20230213 09:05:39.965"/>
</kw>
<kw name="Do Login" library="base">
<arg>${admin}</arg>
<kw name="Go To Login Page" library="login">
<kw name="New Browser" library="Browser">
<arg>headless=False</arg>
<arg>browser=chromium</arg>
<tag>BrowserControl</tag>
<tag>Setter</tag>
<doc>Create a new playwright Browser with specified options.</doc>
<msg timestamp="20230213 09:05:39.965" level="INFO">{"browser": "chromium", "headless": false, "devtools": false, "handleSIGHUP": true, "handleSIGINT": true, "handleSIGTERM": true, "slowMo": 0.0, "timeout": 30000.0, "deprecated_pos_args": [], "tracesDir": "C:\\Users\\crist\\Documents\\Cursos\\QAcademy\\SmartBit\\Web\\\u00c3logs\\browser\\traces\\62bf6f06-8584-4d52-a5ab-2a8818450783"}</msg>
<msg timestamp="20230213 09:05:40.321" level="INFO">Successfully created browser with options: {"browser":"chromium","headless":false,"devtools":false,"handleSIGHUP":true,"handleSIGINT":true,"handleSIGTERM":true,"slowMo":0,"timeout":30000,"deprecated_pos_args":[],"tracesDir":"C:\\Users\\crist\\Documents\\Cursos\\QAcademy\\SmartBit\\Web\\Ãlogs\\browser\\traces\\62bf6f06-8584-4d52-a5ab-2a8818450783"}</msg>
<status status="PASS" starttime="20230213 09:05:39.965" endtime="20230213 09:05:40.321"/>
</kw>
<kw name="New Page" library="Browser">
<arg>http://localhost:3000</arg>
<tag>BrowserControl</tag>
<tag>Setter</tag>
<doc>Open a new Page.</doc>
<msg timestamp="20230213 09:05:40.947" level="INFO">Successfully initialized new page object and opened url: http://localhost:3000</msg>
<msg timestamp="20230213 09:05:40.947" level="INFO">No context was open. New context was automatically opened when this page is created.</msg>
<status status="PASS" starttime="20230213 09:05:40.321" endtime="20230213 09:05:40.947"/>
</kw>
<status status="PASS" starttime="20230213 09:05:39.965" endtime="20230213 09:05:40.949"/>
</kw>
<kw name="Fill Credentials" library="login">
<arg>${user}[email]</arg>
<arg>${user}[pass]</arg>
<kw name="Fill Text" library="Browser">
<arg>css=input[placeholder="Seu e-mail"]</arg>
<arg>${email}</arg>
<tag>PageContent</tag>
<tag>Setter</tag>
<doc>Clears and fills the given ``txt`` into the text field found by ``selector``.</doc>
<msg timestamp="20230213 09:05:40.953" level="INFO">Fills the text 'admin@smartbit.com' in the given field.</msg>
<status status="PASS" starttime="20230213 09:05:40.953" endtime="20230213 09:05:41.004"/>
</kw>
<kw name="Fill Text" library="Browser">
<arg>css=input[placeholder="Sua Senha"]</arg>
<arg>${password}</arg>
<tag>PageContent</tag>
<tag>Setter</tag>
<doc>Clears and fills the given ``txt`` into the text field found by ``selector``.</doc>
<msg timestamp="20230213 09:05:41.004" level="INFO">Fills the text 'qacademy' in the given field.</msg>
<status status="PASS" starttime="20230213 09:05:41.004" endtime="20230213 09:05:41.025"/>
</kw>
<status status="PASS" starttime="20230213 09:05:40.951" endtime="20230213 09:05:41.025"/>
</kw>
<kw name="Submit Credentials" library="login">
<kw name="Click" library="Browser">
<arg>css=button &gt;&gt; text=Entrar no sistema</arg>
<tag>PageContent</tag>
<tag>Setter</tag>
<doc>Simulates mouse click on the element found by ``selector``.</doc>
<status status="PASS" starttime="20230213 09:05:41.025" endtime="20230213 09:05:41.090"/>
</kw>
<status status="PASS" starttime="20230213 09:05:41.025" endtime="20230213 09:05:41.090"/>
</kw>
<kw name="User Should Be Looged In" library="navbar">
<arg>${user}[name]</arg>
<kw name="Set Variable" library="BuiltIn">
<var>${logged_user}</var>
<arg>css=aside strong</arg>
<doc>Returns the given values which can then be assigned to a variables.</doc>
<msg timestamp="20230213 09:05:41.091" level="INFO">${logged_user} = css=aside strong</msg>
<status status="PASS" starttime="20230213 09:05:41.091" endtime="20230213 09:05:41.091"/>
</kw>
<kw name="Wait For Elements State" library="Browser">
<arg>${logged_user}</arg>
<arg>visible</arg>
<arg>5</arg>
<tag>PageContent</tag>
<tag>Wait</tag>
<doc>Waits for the element found by ``selector`` to satisfy state option.</doc>
<msg timestamp="20230213 09:05:41.317" level="INFO">Waited for Element with selector css=aside strong at state visible</msg>
<status status="PASS" starttime="20230213 09:05:41.091" endtime="20230213 09:05:41.317"/>
</kw>
<kw name="Get Text" library="Browser">
<arg>${logged_user}</arg>
<arg>equal</arg>
<arg>${username}</arg>
<tag>Assertion</tag>
<tag>Getter</tag>
<tag>PageContent</tag>
<doc>Returns text attribute of the element found by ``selector``.</doc>
<msg timestamp="20230213 09:05:41.356" level="INFO">Text: 'Admin'</msg>
<status status="PASS" starttime="20230213 09:05:41.317" endtime="20230213 09:05:41.356"/>
</kw>
<status status="PASS" starttime="20230213 09:05:41.091" endtime="20230213 09:05:41.356"/>
</kw>
<status status="PASS" starttime="20230213 09:05:39.965" endtime="20230213 09:05:41.356"/>
</kw>
<kw name="Click" library="Browser">
<arg>css=a[href="/matriculas"]</arg>
<tag>PageContent</tag>
<tag>Setter</tag>
<doc>Simulates mouse click on the element found by ``selector``.</doc>
<status status="PASS" starttime="20230213 09:05:41.356" endtime="20230213 09:05:41.410"/>
</kw>
<kw name="Click" library="Browser">
<arg>css=a[href="/matriculas/new"]</arg>
<tag>PageContent</tag>
<tag>Setter</tag>
<doc>Simulates mouse click on the element found by ``selector``.</doc>
<status status="PASS" starttime="20230213 09:05:41.410" endtime="20230213 09:05:41.512"/>
</kw>
<doc>Logando com usuário corredo</doc>
<tag>login</tag>
<status status="PASS" starttime="20230213 09:05:39.959" endtime="20230213 09:05:41.512"/>
</test>
<doc>Suite de teste de matriculas de alunos
Administrador uma vez logado consegue matricular alunos na academia</doc>
<status status="PASS" starttime="20230213 09:05:39.254" endtime="20230213 09:05:41.621"/>
</suite>
<statistics>
<total>
<stat pass="1" fail="0" skip="0">All Tests</stat>
</total>
<tag>
<stat pass="1" fail="0" skip="0">login</stat>
</tag>
<suite>
<stat pass="1" fail="0" skip="0" id="s1" name="Enrolls">Enrolls</stat>
</suite>
</statistics>
<errors>
</errors>
</robot>
