<?xml version="1.0" encoding="UTF-8"?>
<robot generator="Robot 6.0.2 (Python 3.11.2 on win32)" generated="20230225 11:06:46.744" rpa="false" schemaversion="3">
<suite id="s1" name="Online" source="C:\Users\crist\OneDrive\Documentos\Cursos\QAcademy\SmartBit\Web\tests\online.robot">
<test id="s1-t1" name="Portal Admin deve está online" line="7">
<kw name="New Browser" library="Browser">
<arg>headless=False</arg>
<arg>browser=chromium</arg>
<tag>BrowserControl</tag>
<tag>Setter</tag>
<doc>Create a new playwright Browser with specified options.</doc>
<msg timestamp="20230225 11:06:47.594" level="INFO">{"browser": "chromium", "headless": false, "devtools": false, "handleSIGHUP": true, "handleSIGINT": true, "handleSIGTERM": true, "slowMo": 0.0, "timeout": 30000.0, "deprecated_pos_args": [], "tracesDir": "C:\\Users\\crist\\OneDrive\\Documentos\\Cursos\\QAcademy\\SmartBit\\Web\\\u00c3logs\\browser\\traces\\fa4ae97e-9065-4fba-83a0-f0e12202c3b4"}</msg>
<msg timestamp="20230225 11:06:48.654" level="INFO">Successfully created browser with options: {"browser":"chromium","headless":false,"devtools":false,"handleSIGHUP":true,"handleSIGINT":true,"handleSIGTERM":true,"slowMo":0,"timeout":30000,"deprecated_pos_args":[],"tracesDir":"C:\\Users\\crist\\OneDrive\\Documentos\\Cursos\\QAcademy\\SmartBit\\Web\\Ãlogs\\browser\\traces\\fa4ae97e-9065-4fba-83a0-f0e12202c3b4"}</msg>
<status status="PASS" starttime="20230225 11:06:47.594" endtime="20230225 11:06:48.654"/>
</kw>
<kw name="New Page" library="Browser">
<arg>http://localhost:3000/</arg>
<tag>BrowserControl</tag>
<tag>Setter</tag>
<doc>Open a new Page.</doc>
<msg timestamp="20230225 11:06:49.231" level="INFO">Successfully initialized new page object and opened url: http://localhost:3000/</msg>
<msg timestamp="20230225 11:06:49.231" level="INFO">No context was open. New context was automatically opened when this page is created.</msg>
<status status="PASS" starttime="20230225 11:06:48.654" endtime="20230225 11:06:49.231"/>
</kw>
<kw name="Get Text" library="Browser">
<arg>h1</arg>
<arg>contains</arg>
<arg>Painel do Administrador</arg>
<tag>Assertion</tag>
<tag>Getter</tag>
<tag>PageContent</tag>
<doc>Returns text attribute of the element found by ``selector``.</doc>
<msg timestamp="20230225 11:06:49.277" level="INFO">Text: 'Painel do Administrador'</msg>
<status status="PASS" starttime="20230225 11:06:49.232" endtime="20230225 11:06:49.277"/>
</kw>
<kw name="Sleep" library="BuiltIn">
<arg>3</arg>
<doc>Pauses the test executed for the given time.</doc>
<msg timestamp="20230225 11:06:52.278" level="INFO">Slept 3 seconds</msg>
<status status="PASS" starttime="20230225 11:06:49.277" endtime="20230225 11:06:52.278"/>
</kw>
<status status="PASS" starttime="20230225 11:06:47.587" endtime="20230225 11:06:52.278"/>
</test>
<doc>Verifica se a aplicação está online</doc>
<status status="PASS" starttime="20230225 11:06:46.744" endtime="20230225 11:06:52.344"/>
</suite>
<statistics>
<total>
<stat pass="1" fail="0" skip="0">All Tests</stat>
</total>
<tag>
</tag>
<suite>
<stat pass="1" fail="0" skip="0" id="s1" name="Online">Online</stat>
</suite>
</statistics>
<errors>
</errors>
</robot>
